0 info it worked if it ends with ok
1 verbose cli [ 'C:\\Program Files\\nodejs\\node.exe',
1 verbose cli   'C:\\Program Files\\nodejs\\node_modules\\npm\\bin\\npm-cli.js',
1 verbose cli   'install',
1 verbose cli   '--save',
1 verbose cli   'mongoose-auto-increment' ]
2 info using npm@3.10.9
3 info using node@v6.9.2
4 silly loadCurrentTree Starting
5 silly install loadCurrentTree
6 silly install readLocalPackageData
7 silly fetchPackageMetaData mongoose-auto-increment
8 silly fetchNamedPackageData mongoose-auto-increment
9 silly mapToRegistry name mongoose-auto-increment
10 silly mapToRegistry using default registry
11 silly mapToRegistry registry https://registry.npmjs.org/
12 silly mapToRegistry data Result {
12 silly mapToRegistry   raw: 'mongoose-auto-increment',
12 silly mapToRegistry   scope: null,
12 silly mapToRegistry   escapedName: 'mongoose-auto-increment',
12 silly mapToRegistry   name: 'mongoose-auto-increment',
12 silly mapToRegistry   rawSpec: '',
12 silly mapToRegistry   spec: 'latest',
12 silly mapToRegistry   type: 'tag' }
13 silly mapToRegistry uri https://registry.npmjs.org/mongoose-auto-increment
14 verbose request uri https://registry.npmjs.org/mongoose-auto-increment
15 verbose request no auth needed
16 info attempt registry request try #1 at 20:51:29
17 verbose request id 323a7f5edf192dd0
18 http request GET https://registry.npmjs.org/mongoose-auto-increment
19 http 200 https://registry.npmjs.org/mongoose-auto-increment
20 verbose headers { server: 'nginx/1.10.1',
20 verbose headers   'content-type': 'application/json',
20 verbose headers   'last-modified': 'Tue, 15 Aug 2017 14:57:38 GMT',
20 verbose headers   etag: 'W/"59930be2-e374"',
20 verbose headers   'content-encoding': 'gzip',
20 verbose headers   'cache-control': 'max-age=300',
20 verbose headers   'content-length': '5672',
20 verbose headers   'accept-ranges': 'bytes',
20 verbose headers   date: 'Mon, 04 Sep 2017 18:51:29 GMT',
20 verbose headers   via: '1.1 varnish',
20 verbose headers   age: '0',
20 verbose headers   connection: 'keep-alive',
20 verbose headers   'x-served-by': 'cache-hhn1531-HHN',
20 verbose headers   'x-cache': 'HIT',
20 verbose headers   'x-cache-hits': '1',
20 verbose headers   'x-timer': 'S1504551090.514087,VS0,VE95',
20 verbose headers   vary: 'Accept-Encoding, Accept' }
21 silly get cb [ 200,
21 silly get   { server: 'nginx/1.10.1',
21 silly get     'content-type': 'application/json',
21 silly get     'last-modified': 'Tue, 15 Aug 2017 14:57:38 GMT',
21 silly get     etag: 'W/"59930be2-e374"',
21 silly get     'content-encoding': 'gzip',
21 silly get     'cache-control': 'max-age=300',
21 silly get     'content-length': '5672',
21 silly get     'accept-ranges': 'bytes',
21 silly get     date: 'Mon, 04 Sep 2017 18:51:29 GMT',
21 silly get     via: '1.1 varnish',
21 silly get     age: '0',
21 silly get     connection: 'keep-alive',
21 silly get     'x-served-by': 'cache-hhn1531-HHN',
21 silly get     'x-cache': 'HIT',
21 silly get     'x-cache-hits': '1',
21 silly get     'x-timer': 'S1504551090.514087,VS0,VE95',
21 silly get     vary: 'Accept-Encoding, Accept' } ]
22 verbose get saving mongoose-auto-increment to C:\Users\Vanessa\AppData\Roaming\npm-cache\registry.npmjs.org\mongoose-auto-increment\.cache.json
23 verbose correctMkdir C:\Users\Vanessa\AppData\Roaming\npm-cache correctMkdir not in flight; initializing
24 silly install normalizeTree
25 silly loadCurrentTree Finishing
26 silly loadIdealTree Starting
27 silly install loadIdealTree
28 silly cloneCurrentTree Starting
29 silly install cloneCurrentTreeToIdealTree
30 silly cloneCurrentTree Finishing
31 silly loadShrinkwrap Starting
32 silly install loadShrinkwrap
33 silly loadShrinkwrap Finishing
34 silly loadAllDepsIntoIdealTree Starting
35 silly install loadAllDepsIntoIdealTree
36 silly resolveWithNewModule mongoose-auto-increment@5.0.1 checking installable status
37 silly cache add args [ 'mongoose-auto-increment', null ]
38 verbose cache add spec mongoose-auto-increment
39 silly cache add parsed spec Result {
39 silly cache add   raw: 'mongoose-auto-increment',
39 silly cache add   scope: null,
39 silly cache add   escapedName: 'mongoose-auto-increment',
39 silly cache add   name: 'mongoose-auto-increment',
39 silly cache add   rawSpec: '',
39 silly cache add   spec: 'latest',
39 silly cache add   type: 'tag' }
40 silly addNamed mongoose-auto-increment@latest
41 verbose addNamed "latest" is being treated as a dist-tag for mongoose-auto-increment
42 info addNameTag [ 'mongoose-auto-increment', 'latest' ]
43 silly mapToRegistry name mongoose-auto-increment
44 silly mapToRegistry using default registry
45 silly mapToRegistry registry https://registry.npmjs.org/
46 silly mapToRegistry data Result {
46 silly mapToRegistry   raw: 'mongoose-auto-increment',
46 silly mapToRegistry   scope: null,
46 silly mapToRegistry   escapedName: 'mongoose-auto-increment',
46 silly mapToRegistry   name: 'mongoose-auto-increment',
46 silly mapToRegistry   rawSpec: '',
46 silly mapToRegistry   spec: 'latest',
46 silly mapToRegistry   type: 'tag' }
47 silly mapToRegistry uri https://registry.npmjs.org/mongoose-auto-increment
48 verbose addNameTag registry:https://registry.npmjs.org/mongoose-auto-increment not in flight; fetching
49 verbose get https://registry.npmjs.org/mongoose-auto-increment not expired, no request
50 silly addNameTag next cb for mongoose-auto-increment with tag latest
51 silly addNamed mongoose-auto-increment@5.0.1
52 verbose addNamed "5.0.1" is a plain semver version for mongoose-auto-increment
53 silly mapToRegistry name mongoose-auto-increment
54 silly mapToRegistry using default registry
55 silly mapToRegistry registry https://registry.npmjs.org/
56 silly mapToRegistry data Result {
56 silly mapToRegistry   raw: 'mongoose-auto-increment',
56 silly mapToRegistry   scope: null,
56 silly mapToRegistry   escapedName: 'mongoose-auto-increment',
56 silly mapToRegistry   name: 'mongoose-auto-increment',
56 silly mapToRegistry   rawSpec: '',
56 silly mapToRegistry   spec: 'latest',
56 silly mapToRegistry   type: 'tag' }
57 silly mapToRegistry uri https://registry.npmjs.org/mongoose-auto-increment
58 verbose addRemoteTarball https://registry.npmjs.org/mongoose-auto-increment/-/mongoose-auto-increment-5.0.1.tgz not in flight; adding
59 verbose addRemoteTarball [ 'https://registry.npmjs.org/mongoose-auto-increment/-/mongoose-auto-increment-5.0.1.tgz',
59 verbose addRemoteTarball   '827e051d9cc371dabe8bff1a704431d341cb79df' ]
60 info retry fetch attempt 1 at 20:51:30
61 info attempt registry request try #1 at 20:51:30
62 http fetch GET https://registry.npmjs.org/mongoose-auto-increment/-/mongoose-auto-increment-5.0.1.tgz
63 http fetch 200 https://registry.npmjs.org/mongoose-auto-increment/-/mongoose-auto-increment-5.0.1.tgz
64 warn retry will retry, error on last attempt: Error: EBUSY: resource busy or locked, rename 'C:\Users\Vanessa\AppData\Local\Temp\npm-21992-c8cb1057\registry.npmjs.org\mongoose-auto-increment\-\mongoose-auto-increment-5.0.1.tgz.2635115483' -> 'C:\Users\Vanessa\AppData\Local\Temp\npm-21992-c8cb1057\registry.npmjs.org\mongoose-auto-increment\-\mongoose-auto-increment-5.0.1.tgz'
65 verbose stack TypeError: tarball.destroy is not a function
65 verbose stack     at WriteStreamAtomic.<anonymous> (C:\Program Files\nodejs\node_modules\npm\lib\cache\add-remote-tarball.js:97:15)
65 verbose stack     at emitOne (events.js:101:20)
65 verbose stack     at WriteStreamAtomic.emit (events.js:188:7)
65 verbose stack     at WriteStreamAtomic.emit (C:\Program Files\nodejs\node_modules\npm\node_modules\fs-write-stream-atomic\index.js:60:34)
65 verbose stack     at C:\Program Files\nodejs\node_modules\npm\node_modules\fs-write-stream-atomic\index.js:89:19
65 verbose stack     at FSReqWrap.oncomplete (fs.js:123:15)
66 verbose cwd C:\Users\Vanessa\Documents\DB-Projekt\src
67 error Windows_NT 10.0.15063
68 error argv "C:\\Program Files\\nodejs\\node.exe" "C:\\Program Files\\nodejs\\node_modules\\npm\\bin\\npm-cli.js" "install" "--save" "mongoose-auto-increment"
69 error node v6.9.2
70 error npm  v3.10.9
71 error tarball.destroy is not a function
72 error If you need help, you may report this error at:
72 error     <https://github.com/npm/npm/issues>
73 verbose exit [ 1, true ]
